<?xml version="1.0" encoding="UTF-8"?>
<testsuite xmlns:xsi="http://www.w3.org/2001/XMLSchema-instance" xsi:noNamespaceSchemaLocation="https://maven.apache.org/surefire/maven-surefire-plugin/xsd/surefire-test-report.xsd" version="3.0.2" name="com.hasandel01.meetmeoutws.MeetmeoutWsApplicationTests" time="13.767" tests="1" errors="0" skipped="0" failures="0">
  <properties>
[...]
</properties>
  <testcase name="contextLoads" classname="com.hasandel01.meetmeoutws.MeetmeoutWsApplicationTests" time="0.679">
    <system-out><![CDATA[21:06:04.106 [main] INFO org.springframework.test.context.support.AnnotationConfigContextLoaderUtils -- Could not detect default configuration classes for test class [com.hasandel01.meetmeoutws.MeetmeoutWsApplicationTests]: MeetmeoutWsApplicationTests does not declare any static, non-private, non-final, nested classes annotated with @Configuration.
21:06:04.351 [main] INFO org.springframework.boot.test.context.SpringBootTestContextBootstrapper -- Found @SpringBootConfiguration com.hasandel01.meetmeoutws.MeetmeoutWsApplication for test class com.hasandel01.meetmeoutws.MeetmeoutWsApplicationTests
21:06:04.714 [main] INFO org.springframework.boot.devtools.restart.RestartApplicationListener -- Restart disabled due to context in which it is running

  .   ____          _            __ _ _
 /\\ / ___'_ __ _ _(_)_ __  __ _ \ \ \ \
( ( )\___ | '_ | '_| | '_ \/ _` | \ \ \ \
 \\/  ___)| |_)| | | | | || (_| |  ) ) ) )
  '  |____| .__|_| |_|_| |_\__, | / / / /
 =========|_|==============|___/=/_/_/_/

 :: Spring Boot ::                (v3.5.0)

2025-06-10T21:06:05.588+03:00  INFO 12996 --- [           main] c.h.m.MeetmeoutWsApplicationTests        : Starting MeetmeoutWsApplicationTests using Java 23.0.2 with PID 12996 (started by hasan in C:\Users\hasan\cse496\meetmeout-ws\meetmeout-ws)
2025-06-10T21:06:05.592+03:00  INFO 12996 --- [           main] c.h.m.MeetmeoutWsApplicationTests        : The following 1 profile is active: "dev"
2025-06-10T21:06:07.468+03:00  INFO 12996 --- [           main] .s.d.r.c.RepositoryConfigurationDelegate : Bootstrapping Spring Data JPA repositories in DEFAULT mode.
2025-06-10T21:06:07.785+03:00  INFO 12996 --- [           main] .s.d.r.c.RepositoryConfigurationDelegate : Finished Spring Data repository scanning in 297 ms. Found 6 JPA repository interfaces.
2025-06-10T21:06:08.770+03:00  INFO 12996 --- [           main] o.hibernate.jpa.internal.util.LogHelper  : HHH000204: Processing PersistenceUnitInfo [name: default]
2025-06-10T21:06:08.899+03:00  INFO 12996 --- [           main] org.hibernate.Version                    : HHH000412: Hibernate ORM core version 6.6.15.Final
2025-06-10T21:06:08.964+03:00  INFO 12996 --- [           main] o.h.c.internal.RegionFactoryInitiator    : HHH000026: Second-level cache disabled
2025-06-10T21:06:09.708+03:00  INFO 12996 --- [           main] o.s.o.j.p.SpringPersistenceUnitInfo      : No LoadTimeWeaver setup: ignoring JPA class transformer
2025-06-10T21:06:09.783+03:00  INFO 12996 --- [           main] com.zaxxer.hikari.HikariDataSource       : HikariPool-1 - Starting...
2025-06-10T21:06:10.113+03:00  INFO 12996 --- [           main] com.zaxxer.hikari.pool.HikariPool        : HikariPool-1 - Added connection org.postgresql.jdbc.PgConnection@69069866
2025-06-10T21:06:10.115+03:00  INFO 12996 --- [           main] com.zaxxer.hikari.HikariDataSource       : HikariPool-1 - Start completed.
2025-06-10T21:06:10.237+03:00  INFO 12996 --- [           main] org.hibernate.orm.connections.pooling    : HHH10001005: Database info:
	Database JDBC URL [Connecting through datasource 'HikariDataSource (HikariPool-1)']
	Database driver: undefined/unknown
	Database version: 17.4
	Autocommit mode: undefined/unknown
	Isolation level: undefined/unknown
	Minimum pool size: undefined/unknown
	Maximum pool size: undefined/unknown
2025-06-10T21:06:12.122+03:00  INFO 12996 --- [           main] o.h.e.t.j.p.i.JtaPlatformInitiator       : HHH000489: No JTA platform available (set 'hibernate.transaction.jta.platform' to enable JTA platform integration)
2025-06-10T21:06:12.686+03:00  INFO 12996 --- [           main] j.LocalContainerEntityManagerFactoryBean : Initialized JPA EntityManagerFactory for persistence unit 'default'
2025-06-10T21:06:13.618+03:00  INFO 12996 --- [           main] o.s.d.j.r.query.QueryEnhancerFactory     : Hibernate is in classpath; If applicable, HQL parser will be used.
2025-06-10T21:06:16.856+03:00  INFO 12996 --- [           main] o.s.m.s.b.SimpleBrokerMessageHandler     : Starting...
2025-06-10T21:06:16.856+03:00  INFO 12996 --- [           main] o.s.m.s.b.SimpleBrokerMessageHandler     : BrokerAvailabilityEvent[available=true, SimpleBrokerMessageHandler [org.springframework.messaging.simp.broker.DefaultSubscriptionRegistry@7aef5ab9]]
2025-06-10T21:06:16.857+03:00  INFO 12996 --- [           main] o.s.m.s.b.SimpleBrokerMessageHandler     : Started.
2025-06-10T21:06:16.879+03:00  INFO 12996 --- [           main] c.h.m.MeetmeoutWsApplicationTests        : Started MeetmeoutWsApplicationTests in 12.187 seconds (process running for 14.137)
]]></system-out>
    <system-err><![CDATA[Mockito is currently self-attaching to enable the inline-mock-maker. This will no longer work in future releases of the JDK. Please add Mockito as an agent to your build as described in Mockito's documentation: https://javadoc.io/doc/org.mockito/mockito-core/latest/org.mockito/org/mockito/Mockito.html#0.3
WARNING: A Java agent has been loaded dynamically (C:\Users\hasan\.m2\repository\net\bytebuddy\byte-buddy-agent\1.17.5\byte-buddy-agent-1.17.5.jar)
WARNING: If a serviceability tool is in use, please run with -XX:+EnableDynamicAgentLoading to hide this warning
WARNING: If a serviceability tool is not in use, please run with -Djdk.instrument.traceUsage for more information
WARNING: Dynamic loading of agents will be disallowed by default in a future release
]]></system-err>
  </testcase>
</testsuite>