<?xml version="1.0" encoding="UTF-8"?>
<testsuite xmlns:xsi="http://www.w3.org/2001/XMLSchema-instance" xsi:noNamespaceSchemaLocation="https://maven.apache.org/surefire/maven-surefire-plugin/xsd/surefire-test-report.xsd" version="3.0.2" name="com.hasandel01.meetmeoutserver.auth.controller.AuthenticationControllerTest" time="20.731" tests="2" errors="0" skipped="0" failures="0">
  <properties>
[...]
</properties>
  <testcase name="registerUser_shouldReturnOkWithToken" classname="com.hasandel01.meetmeoutserver.auth.controller.AuthenticationControllerTest" time="3.317">
    <system-out><![CDATA[01:56:11.087 [main] INFO org.springframework.test.context.support.AnnotationConfigContextLoaderUtils -- Could not detect default configuration classes for test class [com.hasandel01.meetmeoutserver.auth.controller.AuthenticationControllerTest]: AuthenticationControllerTest does not declare any static, non-private, non-final, nested classes annotated with @Configuration.
01:56:11.378 [main] INFO org.springframework.boot.test.context.SpringBootTestContextBootstrapper -- Found @SpringBootConfiguration com.hasandel01.meetmeoutserver.MeetMeOutServerApplication for test class com.hasandel01.meetmeoutserver.auth.controller.AuthenticationControllerTest
01:56:11.612 [main] INFO org.springframework.boot.devtools.restart.RestartApplicationListener -- Restart disabled due to context in which it is running
'##::::'##:'########:'########:'########:'##::::'##:'########::'#######::'##::::'##:'########:
 ###::'###: ##.....:: ##.....::... ##..:: ###::'###: ##.....::'##.... ##: ##:::: ##:... ##..::
 ####'####: ##::::::: ##:::::::::: ##:::: ####'####: ##::::::: ##:::: ##: ##:::: ##:::: ##::::
 ## ### ##: ######::: ######:::::: ##:::: ## ### ##: ######::: ##:::: ##: ##:::: ##:::: ##::::
 ##. #: ##: ##...:::: ##...::::::: ##:::: ##. #: ##: ##...:::: ##:::: ##: ##:::: ##:::: ##::::
 ##:.:: ##: ##::::::: ##:::::::::: ##:::: ##:.:: ##: ##::::::: ##:::: ##: ##:::: ##:::: ##::::
 ##:::: ##: ########: ########:::: ##:::: ##:::: ##: ########:. #######::. #######::::: ##::::
..:::::..::........::........:::::..:::::..:::::..::........:::.......::::.......::::::..:::::
2025-06-18T01:56:12.177+03:00  INFO 9480 --- [           main] c.h.m.a.c.AuthenticationControllerTest   : Starting AuthenticationControllerTest using Java 23.0.2 with PID 9480 (started by hasan in C:\Users\hasan\cse496\meetmeout-server)
2025-06-18T01:56:12.179+03:00  INFO 9480 --- [           main] c.h.m.a.c.AuthenticationControllerTest   : No active profile set, falling back to 1 default profile: "default"
2025-06-18T01:56:14.803+03:00  INFO 9480 --- [           main] .s.d.r.c.RepositoryConfigurationDelegate : Bootstrapping Spring Data JPA repositories in DEFAULT mode.
2025-06-18T01:56:15.064+03:00  INFO 9480 --- [           main] .s.d.r.c.RepositoryConfigurationDelegate : Finished Spring Data repository scanning in 235 ms. Found 17 JPA repository interfaces.
2025-06-18T01:56:16.234+03:00  INFO 9480 --- [           main] o.hibernate.jpa.internal.util.LogHelper  : HHH000204: Processing PersistenceUnitInfo [name: default]
2025-06-18T01:56:16.370+03:00  INFO 9480 --- [           main] org.hibernate.Version                    : HHH000412: Hibernate ORM core version 6.6.15.Final
2025-06-18T01:56:16.430+03:00  INFO 9480 --- [           main] o.h.c.internal.RegionFactoryInitiator    : HHH000026: Second-level cache disabled
2025-06-18T01:56:16.944+03:00  INFO 9480 --- [           main] o.s.o.j.p.SpringPersistenceUnitInfo      : No LoadTimeWeaver setup: ignoring JPA class transformer
2025-06-18T01:56:17.017+03:00  INFO 9480 --- [           main] com.zaxxer.hikari.HikariDataSource       : HikariPool-1 - Starting...
2025-06-18T01:56:17.273+03:00  INFO 9480 --- [           main] com.zaxxer.hikari.pool.HikariPool        : HikariPool-1 - Added connection conn0: url=jdbc:h2:mem:testdb user=SA
2025-06-18T01:56:17.274+03:00  INFO 9480 --- [           main] com.zaxxer.hikari.HikariDataSource       : HikariPool-1 - Start completed.
2025-06-18T01:56:17.307+03:00  WARN 9480 --- [           main] org.hibernate.orm.deprecation            : HHH90000025: H2Dialect does not need to be specified explicitly using 'hibernate.dialect' (remove the property setting and it will be selected by default)
2025-06-18T01:56:17.353+03:00  INFO 9480 --- [           main] org.hibernate.orm.connections.pooling    : HHH10001005: Database info:
	Database JDBC URL [Connecting through datasource 'HikariDataSource (HikariPool-1)']
	Database driver: undefined/unknown
	Database version: 2.3.232
	Autocommit mode: undefined/unknown
	Isolation level: undefined/unknown
	Minimum pool size: undefined/unknown
	Maximum pool size: undefined/unknown
2025-06-18T01:56:19.632+03:00  INFO 9480 --- [           main] o.h.e.t.j.p.i.JtaPlatformInitiator       : HHH000489: No JTA platform available (set 'hibernate.transaction.jta.platform' to enable JTA platform integration)
2025-06-18T01:56:19.795+03:00  INFO 9480 --- [           main] j.LocalContainerEntityManagerFactoryBean : Initialized JPA EntityManagerFactory for persistence unit 'default'
2025-06-18T01:56:20.447+03:00  INFO 9480 --- [           main] eAuthenticationProviderManagerConfigurer : Global AuthenticationManager configured with AuthenticationProvider bean with name authenticationProvider
2025-06-18T01:56:20.448+03:00  WARN 9480 --- [           main] r$InitializeUserDetailsManagerConfigurer : Global AuthenticationManager configured with an AuthenticationProvider bean. UserDetailsService beans will not be used by Spring Security for automatically configuring username/password login. Consider removing the AuthenticationProvider bean. Alternatively, consider using the UserDetailsService in a manually instantiated DaoAuthenticationProvider. If the current configuration is intentional, to turn off this warning, increase the logging level of 'org.springframework.security.config.annotation.authentication.configuration.InitializeUserDetailsBeanManagerConfigurer' to ERROR
2025-06-18T01:56:20.587+03:00  INFO 9480 --- [           main] o.s.d.j.r.query.QueryEnhancerFactory     : Hibernate is in classpath; If applicable, HQL parser will be used.
2025-06-18T01:56:23.036+03:00 DEBUG 9480 --- [           main] o.s.s.concurrent.ThreadPoolTaskExecutor  : Initializing ExecutorService 'clientInboundChannelExecutor'
2025-06-18T01:56:23.045+03:00 DEBUG 9480 --- [           main] o.s.s.concurrent.ThreadPoolTaskExecutor  : Initializing ExecutorService 'clientOutboundChannelExecutor'
2025-06-18T01:56:23.052+03:00 DEBUG 9480 --- [           main] o.s.s.concurrent.ThreadPoolTaskExecutor  : Initializing ExecutorService 'brokerChannelExecutor'
2025-06-18T01:56:23.245+03:00  INFO 9480 --- [           main] c.h.m.event.scheduler.EventScheduler     : ? EventScheduler started
2025-06-18T01:56:24.371+03:00 DEBUG 9480 --- [           main] o.s.s.c.ThreadPoolTaskScheduler          : Initializing ExecutorService 'messageBrokerTaskScheduler'
2025-06-18T01:56:24.974+03:00  INFO 9480 --- [           main] o.s.b.a.e.web.EndpointLinksResolver      : Exposing 5 endpoints beneath base path '/actuator'
2025-06-18T01:56:25.179+03:00 DEBUG 9480 --- [           main] o.s.s.web.DefaultSecurityFilterChain     : Will secure Or [Mvc [pattern='/actuator/**']] with filters: DisableEncodeUrlFilter, WebAsyncManagerIntegrationFilter, SecurityContextHolderFilter, HeaderWriterFilter, LogoutFilter, RequestCacheAwareFilter, SecurityContextHolderAwareRequestFilter, AnonymousAuthenticationFilter, SessionManagementFilter, ExceptionTranslationFilter, AuthorizationFilter
2025-06-18T01:56:25.189+03:00 DEBUG 9480 --- [           main] o.s.s.web.DefaultSecurityFilterChain     : Will secure Or [Mvc [pattern='/ws/**']] with filters: DisableEncodeUrlFilter, WebAsyncManagerIntegrationFilter, SecurityContextHolderFilter, HeaderWriterFilter, LogoutFilter, RequestCacheAwareFilter, SecurityContextHolderAwareRequestFilter, AnonymousAuthenticationFilter, SessionManagementFilter, ExceptionTranslationFilter, AuthorizationFilter
2025-06-18T01:56:25.204+03:00 DEBUG 9480 --- [           main] o.s.s.web.DefaultSecurityFilterChain     : Will secure any request with filters: DisableEncodeUrlFilter, WebAsyncManagerIntegrationFilter, SecurityContextHolderFilter, HeaderWriterFilter, CorsFilter, LogoutFilter, JwtAuthenticationFilter, RequestCacheAwareFilter, SecurityContextHolderAwareRequestFilter, AnonymousAuthenticationFilter, SessionManagementFilter, ExceptionTranslationFilter, AuthorizationFilter
2025-06-18T01:56:25.214+03:00  WARN 9480 --- [           main] o.s.s.c.a.web.builders.WebSecurity       : You are asking Spring Security to ignore Deferred [Mvc [pattern='/v3/api-docs/**'], Ant [pattern='/v3/api-docs/**']]. This is not recommended -- please use permitAll via HttpSecurity#authorizeHttpRequests instead.
2025-06-18T01:56:25.214+03:00 DEBUG 9480 --- [           main] o.s.s.web.DefaultSecurityFilterChain     : Will not secure Deferred [Mvc [pattern='/v3/api-docs/**'], Ant [pattern='/v3/api-docs/**']]
2025-06-18T01:56:25.214+03:00  WARN 9480 --- [           main] o.s.s.c.a.web.builders.WebSecurity       : You are asking Spring Security to ignore Deferred [Mvc [pattern='/swagger-ui/**'], Ant [pattern='/swagger-ui/**']]. This is not recommended -- please use permitAll via HttpSecurity#authorizeHttpRequests instead.
2025-06-18T01:56:25.214+03:00 DEBUG 9480 --- [           main] o.s.s.web.DefaultSecurityFilterChain     : Will not secure Deferred [Mvc [pattern='/swagger-ui/**'], Ant [pattern='/swagger-ui/**']]
2025-06-18T01:56:25.214+03:00  WARN 9480 --- [           main] o.s.s.c.a.web.builders.WebSecurity       : You are asking Spring Security to ignore Deferred [Mvc [pattern='/swagger-ui.html'], Ant [pattern='/swagger-ui.html']]. This is not recommended -- please use permitAll via HttpSecurity#authorizeHttpRequests instead.
2025-06-18T01:56:25.214+03:00 DEBUG 9480 --- [           main] o.s.s.web.DefaultSecurityFilterChain     : Will not secure Deferred [Mvc [pattern='/swagger-ui.html'], Ant [pattern='/swagger-ui.html']]
2025-06-18T01:56:26.064+03:00  INFO 9480 --- [           main] o.s.b.t.m.w.SpringBootMockServletContext : Initializing Spring TestDispatcherServlet ''
2025-06-18T01:56:26.064+03:00  INFO 9480 --- [           main] o.s.t.web.servlet.TestDispatcherServlet  : Initializing Servlet ''
2025-06-18T01:56:26.066+03:00  INFO 9480 --- [           main] o.s.t.web.servlet.TestDispatcherServlet  : Completed initialization in 2 ms
2025-06-18T01:56:26.156+03:00  INFO 9480 --- [           main] o.s.m.s.b.SimpleBrokerMessageHandler     : Starting...
2025-06-18T01:56:26.157+03:00  INFO 9480 --- [           main] o.s.m.s.b.SimpleBrokerMessageHandler     : BrokerAvailabilityEvent[available=true, SimpleBrokerMessageHandler [org.springframework.messaging.simp.broker.DefaultSubscriptionRegistry@27619307]]
2025-06-18T01:56:26.158+03:00  INFO 9480 --- [           main] o.s.m.s.b.SimpleBrokerMessageHandler     : Started.
2025-06-18T01:56:26.188+03:00  INFO 9480 --- [           main] c.h.m.a.c.AuthenticationControllerTest   : Started AuthenticationControllerTest in 14.592 seconds (process running for 16.752)
2025-06-18T01:56:26.953+03:00 DEBUG 9480 --- [           main] o.s.security.web.FilterChainProxy        : Securing POST /auth/register
2025-06-18T01:56:26.982+03:00 DEBUG 9480 --- [           main] o.s.s.w.a.AnonymousAuthenticationFilter  : Set SecurityContextHolder to anonymous SecurityContext
2025-06-18T01:56:26.991+03:00 DEBUG 9480 --- [           main] o.s.security.web.FilterChainProxy        : Secured POST /auth/register
]]></system-out>
    <system-err><![CDATA[Mockito is currently self-attaching to enable the inline-mock-maker. This will no longer work in future releases of the JDK. Please add Mockito as an agent to your build as described in Mockito's documentation: https://javadoc.io/doc/org.mockito/mockito-core/latest/org.mockito/org/mockito/Mockito.html#0.3
WARNING: A Java agent has been loaded dynamically (C:\Users\hasan\.m2\repository\net\bytebuddy\byte-buddy-agent\1.17.5\byte-buddy-agent-1.17.5.jar)
WARNING: If a serviceability tool is in use, please run with -XX:+EnableDynamicAgentLoading to hide this warning
WARNING: If a serviceability tool is not in use, please run with -Djdk.instrument.traceUsage for more information
WARNING: Dynamic loading of agents will be disallowed by default in a future release
]]></system-err>
  </testcase>
  <testcase name="authenticate_shouldReturnAccessTokenForValidUser" classname="com.hasandel01.meetmeoutserver.auth.controller.AuthenticationControllerTest" time="1.846">
    <system-out><![CDATA[2025-06-18T01:56:29.705+03:00 DEBUG 9480 --- [           main] o.s.security.web.FilterChainProxy        : Securing POST /auth/register
2025-06-18T01:56:29.706+03:00 DEBUG 9480 --- [           main] o.s.s.w.a.AnonymousAuthenticationFilter  : Set SecurityContextHolder to anonymous SecurityContext
2025-06-18T01:56:29.707+03:00 DEBUG 9480 --- [           main] o.s.security.web.FilterChainProxy        : Secured POST /auth/register
2025-06-18T01:56:31.408+03:00 DEBUG 9480 --- [           main] o.s.security.web.FilterChainProxy        : Securing POST /auth/authenticate
2025-06-18T01:56:31.409+03:00 DEBUG 9480 --- [           main] o.s.s.w.a.AnonymousAuthenticationFilter  : Set SecurityContextHolder to anonymous SecurityContext
2025-06-18T01:56:31.410+03:00 DEBUG 9480 --- [           main] o.s.security.web.FilterChainProxy        : Secured POST /auth/authenticate
2025-06-18T01:56:31.537+03:00 DEBUG 9480 --- [           main] o.s.s.a.dao.DaoAuthenticationProvider    : Authenticated user
]]></system-out>
  </testcase>
</testsuite>